==================== 2026-02-15T16:00:36.197256Z | 019c6208-4954-7fb3-ba4b-cb0af330ba57 ====================
16:00:36.197780 [info ]: Installing dbt project and profile setup
16:00:36.395292 [info ]: Info Created .vscode/extensions.json with dbt extension recommendation
16:00:36.396660 [info ]: Success Project created successfully!
16:00:36.397147 [info ]: Info Project name: jaffle_shop
16:00:36.397641 [info ]: Info Project directory: jaffle_shop
16:00:36.398031 [info ]: Info Setting up your profile...
16:00:36.399277 [info ]: Info Creating new profile...
16:00:46.061692 [info ]: No dbt_cloud.yml found - proceeding without cloud pre-population
16:04:21.477859 [info ]: Success Profile written to C:\Users\aolajide\.dbt\profiles.yml
16:04:21.480418 [info ]: Validating profile inputs, adapters, and connection

16:04:21.482244 [info ]: dbt-fusion 2.0.0-preview.110
16:04:21.484357 [info ]: Started loading project
16:04:21.496120 [info ]: Loading ~/.dbt/profiles.yml
16:04:21.501269 [info ]: Finished loading project [  0.02s]
16:04:21.502290 [info ]: Started debugging
16:04:21.503203 [info ]: Debugging profile: dev
16:04:21.504784 [info ]: Debugging dbt version: 2.0.0-preview.110
16:04:21.505662 [info ]: Debugging platform: windows x86_64 (windows)
16:04:21.506951 [info ]: Debugging adapter type: snowflake (remote)
16:04:21.713714 [info ]: Debugging dependencies:
  git: OK
16:04:21.715926 [info ]: Debugging connection:
  "account": "AOBLAFG-NJ30275",
  "user": "olajide",
  "database": "ANALYTICS",
  "warehouse": "NBA_WH",
  "schema": "landing",
  "role": "ADMIN"
16:05:01.271869 [info ]: Finished debugging [ 39.77s]
16:05:01.273118 [error]: dbt1011: [Snowflake] 390189 (08004): Role 'ADMIN' specified in the connect string does not exist or not authorized. Contact your local system administrator, or attempt to login with another role, e.g. PUBLIC.
16:05:01.516098 [info ]: New version available 2.0.0-preview.114 (run `dbt system update`)
16:05:01.859079 [info ]: 
==================== Execution Summary =====================
Finished 'init' with 1 error for target 'dev' [4m 26s]
==================== 2026-02-15T16:05:37.072965Z | 019c620c-e0a1-7122-a5dc-e21786ceb89b ====================
16:05:37.073405 [info ]: Installing dbt project and profile setup
16:05:37.086690 [info ]: Warning Directory 'jaffle_shop' already exists, using 'jaffle_shop_1' instead
16:05:37.283032 [info ]: Info Created .vscode/extensions.json with dbt extension recommendation
16:05:37.283655 [info ]: Success Project created successfully!
16:05:37.284102 [info ]: Info Project name: jaffle_shop_1
16:05:37.284587 [info ]: Info Project directory: jaffle_shop_1
16:05:37.285053 [info ]: Info Setting up your profile...
16:05:37.286533 [info ]: Loading ~/.dbt/profiles.yml
16:05:37.289079 [info ]: Info Creating new profile...
16:05:39.029713 [info ]: No dbt_cloud.yml found - proceeding without cloud pre-population
16:07:10.955406 [info ]: Success Profile written to C:\Users\aolajide\.dbt\profiles.yml
16:07:10.957424 [info ]: Validating profile inputs, adapters, and connection

16:07:10.959170 [info ]: dbt-fusion 2.0.0-preview.110
16:07:10.962776 [info ]: Started loading project
16:07:10.972026 [info ]: Loading ~/.dbt/profiles.yml
16:07:10.976746 [info ]: Finished loading project [  0.01s]
16:07:10.977701 [info ]: Started debugging
16:07:10.978490 [info ]: Debugging profile: dev
16:07:10.980306 [info ]: Debugging dbt version: 2.0.0-preview.110
16:07:10.981870 [info ]: Debugging platform: windows x86_64 (windows)
16:07:10.983694 [info ]: Debugging adapter type: snowflake (remote)
16:07:11.174249 [info ]: Debugging dependencies:
  git: OK
16:07:11.176819 [info ]: Debugging connection:
  "account": "AOBLAFG-NJ30275",
  "user": "olajide",
  "database": "analytics",
  "warehouse": "NBA_WH",
  "schema": "landing"
16:07:14.574853 [debug]: Query executed on node unknown:
select 1 as id
16:07:14.748917 [info ]: Debugging connection test: OK
16:07:14.755124 [info ]: Debugged All checks passed!
16:07:14.758091 [info ]: Finished debugging [  3.78s]
16:07:15.397034 [info ]: New version available 2.0.0-preview.114 (run `dbt system update`)
16:07:15.885414 [info ]: 
==================== Execution Summary =====================
Finished 'init' successfully for target 'dev' [1m 39s]
